android/app/build/intermediates/manifest_merge_blame_file/debug/processDebugMainManifest/manifest-merger-blame-debug-report.txt
1<?xml version="1.0" encoding="utf-8"?>
2<manifest xmlns:android="http://schemas.android.com/apk/res/android"
3    package="com.dy.lora.console"
4    android:versionCode="2"
5    android:versionName="1.0.1" >
6
7    <uses-sdk
8        android:minSdkVersion="26"
9        android:targetSdkVersion="35" />
10
11    <uses-feature
11-->src\main\AndroidManifest.xml:3:5-86
12        android:name="android.hardware.usb.host"
12-->src\main\AndroidManifest.xml:3:19-59
13        android:required="true" />
13-->src\main\AndroidManifest.xml:3:60-83
14
15    <application
15-->src\main\AndroidManifest.xml:5:5-27:19
16        android:allowBackup="false"
16-->src\main\AndroidManifest.xml:6:9-36
17        android:debuggable="true"
18        android:extractNativeLibs="false"
19        android:icon="@drawable/ic_launcher_foreground"
19-->src\main\AndroidManifest.xml:7:9-56
20        android:label="DY LoRa 调试台"
20-->src\main\AndroidManifest.xml:8:9-36
21        android:supportsRtl="true"
21-->src\main\AndroidManifest.xml:9:9-35
22        android:theme="@style/Theme.DYLoRa"
22-->src\main\AndroidManifest.xml:10:9-44
23        android:usesCleartextTraffic="false" >
23-->src\main\AndroidManifest.xml:11:9-45
24        <activity
24-->src\main\AndroidManifest.xml:12:9-26:20
25            android:name="com.dy.lora.MainActivity"
25-->src\main\AndroidManifest.xml:13:13-41
26            android:exported="true"
26-->src\main\AndroidManifest.xml:14:13-36
27            android:screenOrientation="portrait" >
27-->src\main\AndroidManifest.xml:15:13-49
28            <intent-filter>
28-->src\main\AndroidManifest.xml:16:13-19:29
29                <action android:name="android.intent.action.MAIN" />
29-->src\main\AndroidManifest.xml:17:17-69
29-->src\main\AndroidManifest.xml:17:25-66
30
31                <category android:name="android.intent.category.LAUNCHER" />
31-->src\main\AndroidManifest.xml:18:17-77
31-->src\main\AndroidManifest.xml:18:27-74
32            </intent-filter>
33            <intent-filter>
33-->src\main\AndroidManifest.xml:20:13-22:29
34                <action android:name="android.hardware.usb.action.USB_DEVICE_ATTACHED" />
34-->src\main\AndroidManifest.xml:21:17-90
34-->src\main\AndroidManifest.xml:21:25-87
35            </intent-filter>
36
37            <meta-data
37-->src\main\AndroidManifest.xml:23:13-25:57
38                android:name="android.hardware.usb.action.USB_DEVICE_ATTACHED"
38-->src\main\AndroidManifest.xml:24:17-79
39                android:resource="@xml/device_filter" />
39-->src\main\AndroidManifest.xml:25:17-54
40        </activity>
41    </application>
42
43</manifest>